args: ["./rtt-stats", "client", "127.0.0.1:9000"]
UDP server listening on :55129
Test 118 times
Success 118 times
2025-10-30T02:48:45.839373403Z 0.402
2025-10-30T02:48:45.940172946Z 0.251
2025-10-30T02:48:46.039923166Z 0.297
2025-10-30T02:48:46.139600727Z 0.196
2025-10-30T02:48:46.240285506Z 0.325
2025-10-30T02:48:46.339978368Z 0.266
2025-10-30T02:48:46.439640489Z 0.262
2025-10-30T02:48:46.539206624Z 0.171
2025-10-30T02:48:46.640130846Z 0.313
2025-10-30T02:48:46.739997654Z 0.375
2025-10-30T02:48:46.839780919Z 0.302
2025-10-30T02:48:46.940083669Z 0.827
2025-10-30T02:48:47.040229186Z 0.641
2025-10-30T02:48:47.140182033Z 0.911
2025-10-30T02:48:47.240427116Z 0.709
2025-10-30T02:48:47.340472577Z 0.477
2025-10-30T02:48:47.440622748Z 0.451
2025-10-30T02:48:47.539667134Z 0.453
2025-10-30T02:48:47.639507077Z 0.301
2025-10-30T02:48:47.740292214Z 0.296
2025-10-30T02:48:47.839819136Z 0.231
2025-10-30T02:48:47.939596010Z 0.288
2025-10-30T02:48:48.040384968Z 0.275
2025-10-30T02:48:48.140046036Z 0.297
2025-10-30T02:48:48.239871018Z 0.32
2025-10-30T02:48:48.339493586Z 0.225
2025-10-30T02:48:48.440093835Z 0.29
2025-10-30T02:48:48.539733977Z 0.265
2025-10-30T02:48:48.639359522Z 0.298
2025-10-30T02:48:48.740031899Z 0.382
2025-10-30T02:48:48.839932652Z 0.365
2025-10-30T02:48:48.939635750Z 0.315
2025-10-30T02:48:49.039299911Z 0.242
2025-10-30T02:48:49.139889571Z 0.237
2025-10-30T02:48:49.239463177Z 0.219
2025-10-30T02:48:49.340243784Z 0.308
2025-10-30T02:48:49.439777304Z 0.218
2025-10-30T02:48:49.539436205Z 0.271
2025-10-30T02:48:49.640149082Z 0.301
2025-10-30T02:48:49.739945824Z 0.287
2025-10-30T02:48:49.839516289Z 0.188
2025-10-30T02:48:49.940178789Z 0.259
2025-10-30T02:48:50.039914394Z 0.405
2025-10-30T02:48:50.139701544Z 0.421
2025-10-30T02:48:50.239358586Z 0.275
2025-10-30T02:48:50.340088698Z 0.41
2025-10-30T02:48:50.440060317Z 0.489
2025-10-30T02:48:50.539970022Z 0.399
2025-10-30T02:48:50.639627650Z 0.282
2025-10-30T02:48:50.739447866Z 0.281
2025-10-30T02:48:50.840201586Z 0.285
2025-10-30T02:48:50.939991857Z 0.377
2025-10-30T02:48:51.039640279Z 0.28
2025-10-30T02:48:51.139592138Z 0.407
2025-10-30T02:48:51.240324165Z 0.357
2025-10-30T02:48:51.340145092Z 0.43
2025-10-30T02:48:51.439947847Z 0.36
2025-10-30T02:48:51.539656544Z 0.369
2025-10-30T02:48:51.640254469Z 0.298
2025-10-30T02:48:51.739947388Z 0.277
2025-10-30T02:48:51.839598548Z 0.331
2025-10-30T02:48:51.940260325Z 0.34
2025-10-30T02:48:52.040034927Z 0.44
2025-10-30T02:48:52.139852299Z 0.375
2025-10-30T02:48:52.239714965Z 0.485
2025-10-30T02:48:52.339754268Z 0.412
2025-10-30T02:48:52.439605339Z 0.418
2025-10-30T02:48:52.539397365Z 0.264
2025-10-30T02:48:52.640077336Z 0.284
2025-10-30T02:48:52.739756341Z 0.223
2025-10-30T02:48:52.839414584Z 0.266
2025-10-30T02:48:52.940041243Z 0.267
2025-10-30T02:48:53.039812262Z 0.29
2025-10-30T02:48:53.139557944Z 0.219
2025-10-30T02:48:53.240064314Z 0.219
2025-10-30T02:48:53.339845089Z 0.3
2025-10-30T02:48:53.439515071Z 0.282
2025-10-30T02:48:53.540324183Z 0.312
2025-10-30T02:48:53.640026457Z 0.353
2025-10-30T02:48:53.739655671Z 0.295
2025-10-30T02:48:53.840379147Z 0.381
2025-10-30T02:48:53.940129121Z 0.328
2025-10-30T02:48:54.039746028Z 0.239
2025-10-30T02:48:54.139572261Z 0.286
2025-10-30T02:48:54.240142096Z 0.298
2025-10-30T02:48:54.339848322Z 0.293
2025-10-30T02:48:54.439571094Z 0.219
2025-10-30T02:48:54.540289370Z 0.282
2025-10-30T02:48:54.639976747Z 0.277
2025-10-30T02:48:54.739652582Z 0.288
2025-10-30T02:48:54.839396197Z 0.29
2025-10-30T02:48:54.939976143Z 0.264
2025-10-30T02:48:55.039643385Z 0.241
2025-10-30T02:48:55.139416013Z 0.245
2025-10-30T02:48:55.240174577Z 0.304
2025-10-30T02:48:55.339827016Z 0.24
2025-10-30T02:48:55.439760063Z 0.476
2025-10-30T02:48:55.539732526Z 0.407
2025-10-30T02:48:55.639531312Z 0.304
2025-10-30T02:48:55.740392861Z 0.438
2025-10-30T02:48:55.840396997Z 0.433
2025-10-30T02:48:55.940121397Z 0.309
2025-10-30T02:48:56.039725795Z 0.303
2025-10-30T02:48:56.139241089Z 0.185
2025-10-30T02:48:56.239917471Z 0.24
2025-10-30T02:48:56.339647791Z 0.275
2025-10-30T02:48:56.440262628Z 0.316
2025-10-30T02:48:56.540021730Z 0.291
2025-10-30T02:48:56.639784542Z 0.295
2025-10-30T02:48:56.739500145Z 0.246
2025-10-30T02:48:56.840308114Z 0.383
2025-10-30T02:48:56.940052896Z 0.284
2025-10-30T02:48:57.039753766Z 0.314
2025-10-30T02:48:57.139472435Z 0.23
2025-10-30T02:48:57.240194515Z 0.28
2025-10-30T02:48:57.340073352Z 0.409
2025-10-30T02:48:57.439827725Z 0.282
2025-10-30T02:48:57.539457194Z 0.295
